  소스의 유효성을 검사하는 중
  소스를 '192.168.57.10'(으)로 원격으로 복사하는 중
  아키텍처의 유효성을 검사하는 중
  아키텍처의 유효성을 검사하는 중
  원격 빌드를 시작하는 중
  소스를 컴파일하는 중:
  main.c
C:\Users\jhyunlee\source\repos\SW\ConsoleApplication1\main.c(10,17): warning : implicit declaration of function ‘read’ [-Wimplicit-function-declaration]
C:\Users\jhyunlee\source\repos\SW\ConsoleApplication1\main.c(10,17): warning :      while ((n = read(fd, buf, sizeof(buf))) > 0) {
C:\Users\jhyunlee\source\repos\SW\ConsoleApplication1\main.c(10,17): warning :                  ^~~~
C:\Users\jhyunlee\source\repos\SW\ConsoleApplication1\main.c(11,13): warning : implicit declaration of function ‘write’ [-Wimplicit-function-declaration]
C:\Users\jhyunlee\source\repos\SW\ConsoleApplication1\main.c(11,13): warning :          if (write(1, buf, n) != n) {
C:\Users\jhyunlee\source\repos\SW\ConsoleApplication1\main.c(11,13): warning :              ^~~~~
C:\Users\jhyunlee\source\repos\SW\ConsoleApplication1\main.c(12,13): warning : implicit declaration of function ‘printf’ [-Wimplicit-function-declaration]
C:\Users\jhyunlee\source\repos\SW\ConsoleApplication1\main.c(12,13): warning : incompatible implicit declaration of built-in function ‘printf’
C:\Users\jhyunlee\source\repos\SW\ConsoleApplication1\main.c(12,13): message : include ‘<stdio.h>’ or provide a declaration of ‘printf’
C:\Users\jhyunlee\source\repos\SW\ConsoleApplication1\main.c(12,20): warning : passing argument 1 of ‘printf’ makes pointer from integer without a cast [-Wint-conversion]
C:\Users\jhyunlee\source\repos\SW\ConsoleApplication1\main.c(12,20): message : expected ‘const char *’ but argument is of type ‘int’
C:\Users\jhyunlee\source\repos\SW\ConsoleApplication1\main.c(13,13): warning : implicit declaration of function ‘exit’ [-Wimplicit-function-declaration]
C:\Users\jhyunlee\source\repos\SW\ConsoleApplication1\main.c(13,13): warning :              exit(0);
C:\Users\jhyunlee\source\repos\SW\ConsoleApplication1\main.c(13,13): warning :              ^~~~
C:\Users\jhyunlee\source\repos\SW\ConsoleApplication1\main.c(13,13): warning : incompatible implicit declaration of built-in function ‘exit’
C:\Users\jhyunlee\source\repos\SW\ConsoleApplication1\main.c(13,13): message : include ‘<stdlib.h>’ or provide a declaration of ‘exit’
C:\Users\jhyunlee\source\repos\SW\ConsoleApplication1\main.c(17,9): warning : incompatible implicit declaration of built-in function ‘printf’
C:\Users\jhyunlee\source\repos\SW\ConsoleApplication1\main.c(17,9): message : include ‘<stdio.h>’ or provide a declaration of ‘printf’
C:\Users\jhyunlee\source\repos\SW\ConsoleApplication1\main.c(17,16): warning : passing argument 1 of ‘printf’ makes pointer from integer without a cast [-Wint-conversion]
C:\Users\jhyunlee\source\repos\SW\ConsoleApplication1\main.c(17,16): message : expected ‘const char *’ but argument is of type ‘int’
C:\Users\jhyunlee\source\repos\SW\ConsoleApplication1\main.c(18,9): warning : incompatible implicit declaration of built-in function ‘exit’
C:\Users\jhyunlee\source\repos\SW\ConsoleApplication1\main.c(18,9): warning :          exit(0);
C:\Users\jhyunlee\source\repos\SW\ConsoleApplication1\main.c(18,9): warning :          ^~~~
C:\Users\jhyunlee\source\repos\SW\ConsoleApplication1\main.c(18,9): message : include ‘<stdlib.h>’ or provide a declaration of ‘exit’
C:\Users\jhyunlee\source\repos\SW\ConsoleApplication1\main.c(29,9): warning : incompatible implicit declaration of built-in function ‘exit’
C:\Users\jhyunlee\source\repos\SW\ConsoleApplication1\main.c(29,9): warning :          exit(0);
C:\Users\jhyunlee\source\repos\SW\ConsoleApplication1\main.c(29,9): warning :          ^~~~
C:\Users\jhyunlee\source\repos\SW\ConsoleApplication1\main.c(29,9): message : include ‘<stdlib.h>’ or provide a declaration of ‘exit’
C:\Users\jhyunlee\source\repos\SW\ConsoleApplication1\main.c(33,19): warning : implicit declaration of function ‘open’ [-Wimplicit-function-declaration]
C:\Users\jhyunlee\source\repos\SW\ConsoleApplication1\main.c(33,19): warning :          if ((fd = open(argv[i], 0)) < 0) {
C:\Users\jhyunlee\source\repos\SW\ConsoleApplication1\main.c(33,19): warning :                    ^~~~
C:\Users\jhyunlee\source\repos\SW\ConsoleApplication1\main.c(34,13): warning : incompatible implicit declaration of built-in function ‘printf’
C:\Users\jhyunlee\source\repos\SW\ConsoleApplication1\main.c(34,13): message : include ‘<stdio.h>’ or provide a declaration of ‘printf’
C:\Users\jhyunlee\source\repos\SW\ConsoleApplication1\main.c(34,20): warning : passing argument 1 of ‘printf’ makes pointer from integer without a cast [-Wint-conversion]
C:\Users\jhyunlee\source\repos\SW\ConsoleApplication1\main.c(34,20): message : expected ‘const char *’ but argument is of type ‘int’
C:\Users\jhyunlee\source\repos\SW\ConsoleApplication1\main.c(35,13): warning : incompatible implicit declaration of built-in function ‘exit’
C:\Users\jhyunlee\source\repos\SW\ConsoleApplication1\main.c(35,13): warning :              exit(0);
C:\Users\jhyunlee\source\repos\SW\ConsoleApplication1\main.c(35,13): warning :              ^~~~
C:\Users\jhyunlee\source\repos\SW\ConsoleApplication1\main.c(35,13): message : include ‘<stdlib.h>’ or provide a declaration of ‘exit’
C:\Users\jhyunlee\source\repos\SW\ConsoleApplication1\main.c(38,9): warning : implicit declaration of function ‘close’ [-Wimplicit-function-declaration]
C:\Users\jhyunlee\source\repos\SW\ConsoleApplication1\main.c(38,9): warning :          close(fd);
C:\Users\jhyunlee\source\repos\SW\ConsoleApplication1\main.c(38,9): warning :          ^~~~~
C:\Users\jhyunlee\source\repos\SW\ConsoleApplication1\main.c(40,5): warning : incompatible implicit declaration of built-in function ‘exit’
C:\Users\jhyunlee\source\repos\SW\ConsoleApplication1\main.c(40,5): warning :      exit(0);
C:\Users\jhyunlee\source\repos\SW\ConsoleApplication1\main.c(40,5): warning :      ^~~~
C:\Users\jhyunlee\source\repos\SW\ConsoleApplication1\main.c(40,5): message : include ‘<stdlib.h>’ or provide a declaration of ‘exit’
  개체를 연결하는 중
  ConsoleApplication1.vcxproj -> C:\Users\jhyunlee\source\repos\SW\ConsoleApplication1\bin\x64\Debug\ConsoleApplication1.out
